Iteration 1680
Iteration 1670
Iteration 1660
Iteration 1650
Iteration 1640
Iteration 1630
Iteration 1620
Iteration 1610
Iteration 1600
Iteration 1590
Iteration 1580
Iteration 1570
Iteration 1560
Iteration 1550
Iteration 1540
Iteration 1530
Iteration 1520
Iteration 1510
Iteration 1500
Iteration 1490
Iteration 1480
Iteration 1470
Iteration 1460
Iteration 1450
Iteration 1440
Iteration 1430
Iteration 1420
Iteration 1410
Iteration 1400
Iteration 1390
Iteration 1380
Iteration 1370
Iteration 1360
Iteration 1350
Iteration 1340
Iteration 1330
Iteration 1320
Iteration 1310
Iteration 1300
Iteration 1290
Iteration 1280
Iteration 1270
Iteration 1260
Iteration 1250
Iteration 1240
Iteration 1230
Iteration 1220
Iteration 1210
Iteration 1200
Iteration 1190
Iteration 1180
Iteration 1170
Iteration 1160
Iteration 1150
Iteration 1140
Iteration 1130
Iteration 1120
Iteration 1110
Iteration 1100
Iteration 1090
Iteration 1080
Iteration 1070
Iteration 1060
Iteration 1050
Iteration 1040
Iteration 1030
Iteration 1020
Iteration 1010
Iteration 1000
Iteration 990
Iteration 980
Iteration 970
Iteration 960
Iteration 950
Iteration 940
Iteration 930
Iteration 920
Iteration 910
Iteration 900
Iteration 890
Iteration 880
Iteration 870
Iteration 860
Iteration 850
Iteration 840
Iteration 830
Iteration 820
Iteration 810
Iteration 800
Iteration 790
Iteration 780
Iteration 770
Iteration 760
Iteration 750
Iteration 740
Iteration 730
Iteration 720
Iteration 710
Iteration 700
Iteration 690
Iteration 680
Iteration 670
Iteration 660
Iteration 650
Iteration 640
Iteration 630
Iteration 620
Iteration 610
Iteration 600
Iteration 590
Iteration 580
Iteration 570
Iteration 560
Iteration 550
Iteration 540
Iteration 530
Iteration 520
Iteration 510
Iteration 500
Iteration 490
Iteration 480
Iteration 470
Iteration 460
Iteration 450
Iteration 440
Iteration 430
Iteration 420
Iteration 410
Iteration 400
Iteration 390
Iteration 380
Iteration 370
Iteration 360
Iteration 350
Iteration 340
Iteration 330
Iteration 320
Iteration 310
Iteration 300
Iteration 290
Iteration 280
Iteration 270
Iteration 260
Iteration 250
Iteration 240
Iteration 230
Iteration 220
Iteration 210
Iteration 200
Iteration 190
Iteration 180
Iteration 170
Iteration 160
Iteration 150
Iteration 140
Iteration 130
Iteration 120
Iteration 110
Iteration 100
Iteration 90
Iteration 80
Iteration 70
Iteration 60
Iteration 50
Iteration 40
Iteration 30
Iteration 20
Iteration 10
