Iteration 400
Iteration 390
Iteration 380
Iteration 370
Iteration 360
Iteration 350
Iteration 340
Iteration 330
Iteration 320
Iteration 310
Iteration 300
Iteration 290
Iteration 280
Iteration 270
Iteration 260
Iteration 250
Iteration 240
Iteration 230
Iteration 220
Iteration 210
Iteration 200
Iteration 190
Iteration 180
Iteration 170
Iteration 160
Iteration 150
Iteration 140
Iteration 130
Iteration 120
Iteration 110
Iteration 100
Iteration 90
Iteration 80
Iteration 70
Iteration 60
Iteration 50
Iteration 40
Iteration 30
Iteration 20
Iteration 10
