Iteration 870
Iteration 860
Iteration 850
Iteration 840
Iteration 830
Iteration 820
Iteration 810
Iteration 800
Iteration 790
Iteration 780
Iteration 770
Iteration 760
Iteration 750
Iteration 740
Iteration 730
Iteration 720
Iteration 710
Iteration 700
Iteration 690
Iteration 680
Iteration 670
Iteration 660
Iteration 650
Iteration 640
Iteration 630
Iteration 620
Iteration 610
Iteration 600
Iteration 590
Iteration 580
Iteration 570
Iteration 560
Iteration 550
Iteration 540
Iteration 530
Iteration 520
Iteration 510
Iteration 500
Iteration 490
Iteration 480
Iteration 470
Iteration 460
Iteration 450
Iteration 440
Iteration 430
Iteration 420
Iteration 410
Iteration 400
Iteration 390
Iteration 380
Iteration 370
Iteration 360
Iteration 350
Iteration 340
Iteration 330
Iteration 320
Iteration 310
Iteration 300
Iteration 290
Iteration 280
Iteration 270
Iteration 260
Iteration 250
Iteration 240
Iteration 230
Iteration 220
Iteration 210
Iteration 200
Iteration 190
Iteration 180
Iteration 170
Iteration 160
Iteration 150
Iteration 140
Iteration 130
Iteration 120
Iteration 110
Iteration 100
Iteration 90
Iteration 80
Iteration 70
Iteration 60
Iteration 50
Iteration 40
Iteration 30
Iteration 20
Iteration 10
